mode: atomic
git.sr.ht/~jamesponddotco/imgdiet-go/internal/filetype/filetype.go:27.33,28.11 1 8
git.sr.ht/~jamesponddotco/imgdiet-go/internal/filetype/filetype.go:29.12,30.16 1 1
git.sr.ht/~jamesponddotco/imgdiet-go/internal/filetype/filetype.go:31.11,32.15 1 1
git.sr.ht/~jamesponddotco/imgdiet-go/internal/filetype/filetype.go:33.11,34.15 1 1
git.sr.ht/~jamesponddotco/imgdiet-go/internal/filetype/filetype.go:35.12,36.16 1 1
git.sr.ht/~jamesponddotco/imgdiet-go/internal/filetype/filetype.go:37.12,38.16 1 1
git.sr.ht/~jamesponddotco/imgdiet-go/internal/filetype/filetype.go:39.12,40.16 1 1
git.sr.ht/~jamesponddotco/imgdiet-go/internal/filetype/filetype.go:41.12,42.16 1 1
git.sr.ht/~jamesponddotco/imgdiet-go/internal/filetype/filetype.go:43.10,44.19 1 1
git.sr.ht/~jamesponddotco/imgdiet-go/internal/filetype/filetype.go:50.32,51.9 1 29
git.sr.ht/~jamesponddotco/imgdiet-go/internal/filetype/filetype.go:52.19,53.14 1 2
git.sr.ht/~jamesponddotco/imgdiet-go/internal/filetype/filetype.go:54.18,55.13 1 2
git.sr.ht/~jamesponddotco/imgdiet-go/internal/filetype/filetype.go:56.18,57.13 1 3
git.sr.ht/~jamesponddotco/imgdiet-go/internal/filetype/filetype.go:58.19,59.14 1 2
git.sr.ht/~jamesponddotco/imgdiet-go/internal/filetype/filetype.go:60.19,61.14 1 3
git.sr.ht/~jamesponddotco/imgdiet-go/internal/filetype/filetype.go:62.19,63.14 1 5
git.sr.ht/~jamesponddotco/imgdiet-go/internal/filetype/filetype.go:64.19,65.14 1 5
git.sr.ht/~jamesponddotco/imgdiet-go/internal/filetype/filetype.go:66.10,67.17 1 7
git.sr.ht/~jamesponddotco/imgdiet-go/internal/filetype/filetype.go:72.30,77.2 1 29
git.sr.ht/~jamesponddotco/imgdiet-go/internal/filetype/filetype.go:80.29,86.2 1 27
git.sr.ht/~jamesponddotco/imgdiet-go/internal/filetype/filetype.go:89.29,94.2 1 25
git.sr.ht/~jamesponddotco/imgdiet-go/internal/filetype/filetype.go:98.30,104.2 1 22
git.sr.ht/~jamesponddotco/imgdiet-go/internal/filetype/filetype.go:108.30,109.18 1 20
git.sr.ht/~jamesponddotco/imgdiet-go/internal/filetype/filetype.go:109.18,111.3 1 3
git.sr.ht/~jamesponddotco/imgdiet-go/internal/filetype/filetype.go:113.2,118.34 2 17
git.sr.ht/~jamesponddotco/imgdiet-go/internal/filetype/filetype.go:122.30,123.21 1 17
git.sr.ht/~jamesponddotco/imgdiet-go/internal/filetype/filetype.go:123.21,125.3 1 6
git.sr.ht/~jamesponddotco/imgdiet-go/internal/filetype/filetype.go:127.2,129.50 2 11
git.sr.ht/~jamesponddotco/imgdiet-go/internal/filetype/filetype.go:129.50,131.3 1 3
git.sr.ht/~jamesponddotco/imgdiet-go/internal/filetype/filetype.go:133.2,133.50 1 8
git.sr.ht/~jamesponddotco/imgdiet-go/internal/filetype/filetype.go:133.50,134.42 1 6
git.sr.ht/~jamesponddotco/imgdiet-go/internal/filetype/filetype.go:134.42,135.42 1 12
git.sr.ht/~jamesponddotco/imgdiet-go/internal/filetype/filetype.go:135.42,137.5 1 2
git.sr.ht/~jamesponddotco/imgdiet-go/internal/filetype/filetype.go:141.2,141.14 1 6
git.sr.ht/~jamesponddotco/imgdiet-go/internal/filetype/filetype.go:145.30,146.21 1 12
git.sr.ht/~jamesponddotco/imgdiet-go/internal/filetype/filetype.go:146.21,148.3 1 6
git.sr.ht/~jamesponddotco/imgdiet-go/internal/filetype/filetype.go:150.2,152.98 2 6
git.sr.ht/~jamesponddotco/imgdiet-go/internal/filetype/filetype.go:152.98,154.3 1 2
git.sr.ht/~jamesponddotco/imgdiet-go/internal/filetype/filetype.go:156.2,156.50 1 4
git.sr.ht/~jamesponddotco/imgdiet-go/internal/filetype/filetype.go:156.50,157.42 1 4
git.sr.ht/~jamesponddotco/imgdiet-go/internal/filetype/filetype.go:157.42,158.17 1 8
git.sr.ht/~jamesponddotco/imgdiet-go/internal/filetype/filetype.go:159.40,160.16 1 3
git.sr.ht/~jamesponddotco/imgdiet-go/internal/filetype/filetype.go:165.2,165.14 1 1
git.sr.ht/~jamesponddotco/imgdiet-go/internal/filetype/filetype.go:171.33,172.19 1 29
git.sr.ht/~jamesponddotco/imgdiet-go/internal/filetype/filetype.go:172.19,174.3 1 12
git.sr.ht/~jamesponddotco/imgdiet-go/internal/filetype/filetype.go:176.2,176.70 1 17
git.sr.ht/~jamesponddotco/imgdiet-go/internal/filetype/filetype.go:176.70,178.3 1 0
git.sr.ht/~jamesponddotco/imgdiet-go/internal/filetype/filetype.go:180.2,182.36 2 17
git.sr.ht/~jamesponddotco/imgdiet-go/internal/filetype/filetype.go:187.73,188.19 1 17
git.sr.ht/~jamesponddotco/imgdiet-go/internal/filetype/filetype.go:188.19,190.3 1 0
git.sr.ht/~jamesponddotco/imgdiet-go/internal/filetype/filetype.go:192.2,195.43 3 17
git.sr.ht/~jamesponddotco/imgdiet-go/internal/filetype/filetype.go:195.43,196.22 1 22
git.sr.ht/~jamesponddotco/imgdiet-go/internal/filetype/filetype.go:196.22,198.4 1 22
git.sr.ht/~jamesponddotco/imgdiet-go/internal/filetype/filetype.go:201.2,201.37 1 17
git.sr.ht/~jamesponddotco/imgdiet-go/config.go:42.30,48.2 1 2
git.sr.ht/~jamesponddotco/imgdiet-go/image.go:45.61,46.16 1 31
git.sr.ht/~jamesponddotco/imgdiet-go/image.go:46.16,48.3 1 1
git.sr.ht/~jamesponddotco/imgdiet-go/image.go:50.2,50.14 1 30
git.sr.ht/~jamesponddotco/imgdiet-go/image.go:50.14,52.3 1 2
git.sr.ht/~jamesponddotco/imgdiet-go/image.go:54.2,54.9 1 28
git.sr.ht/~jamesponddotco/imgdiet-go/image.go:55.20,56.60 1 1
git.sr.ht/~jamesponddotco/imgdiet-go/image.go:57.10,57.10 0 27
git.sr.ht/~jamesponddotco/imgdiet-go/image.go:60.2,63.16 3 27
git.sr.ht/~jamesponddotco/imgdiet-go/image.go:63.16,65.3 1 1
git.sr.ht/~jamesponddotco/imgdiet-go/image.go:67.2,68.16 2 26
git.sr.ht/~jamesponddotco/imgdiet-go/image.go:68.16,70.3 1 1
git.sr.ht/~jamesponddotco/imgdiet-go/image.go:72.2,75.15 2 25
git.sr.ht/~jamesponddotco/imgdiet-go/image.go:75.15,76.31 1 25
git.sr.ht/~jamesponddotco/imgdiet-go/image.go:76.31,79.4 2 0
git.sr.ht/~jamesponddotco/imgdiet-go/image.go:82.2,88.17 2 25
git.sr.ht/~jamesponddotco/imgdiet-go/image.go:92.30,94.2 1 0
git.sr.ht/~jamesponddotco/imgdiet-go/image.go:97.33,99.2 1 7
git.sr.ht/~jamesponddotco/imgdiet-go/image.go:116.70,117.17 1 13
git.sr.ht/~jamesponddotco/imgdiet-go/image.go:117.17,119.3 1 1
git.sr.ht/~jamesponddotco/imgdiet-go/image.go:121.2,122.16 2 13
git.sr.ht/~jamesponddotco/imgdiet-go/image.go:122.16,124.3 1 0
git.sr.ht/~jamesponddotco/imgdiet-go/image.go:125.2,127.29 2 13
git.sr.ht/~jamesponddotco/imgdiet-go/image.go:127.29,128.54 1 13
git.sr.ht/~jamesponddotco/imgdiet-go/image.go:128.54,130.4 1 0
git.sr.ht/~jamesponddotco/imgdiet-go/image.go:133.2,133.39 1 13
git.sr.ht/~jamesponddotco/imgdiet-go/image.go:133.39,134.49 1 2
git.sr.ht/~jamesponddotco/imgdiet-go/image.go:134.49,136.4 1 0
git.sr.ht/~jamesponddotco/imgdiet-go/image.go:139.2,141.16 2 13
git.sr.ht/~jamesponddotco/imgdiet-go/image.go:142.18,143.40 1 4
git.sr.ht/~jamesponddotco/imgdiet-go/image.go:144.17,145.39 1 2
git.sr.ht/~jamesponddotco/imgdiet-go/image.go:146.17,147.39 1 1
git.sr.ht/~jamesponddotco/imgdiet-go/image.go:148.18,149.40 1 2
git.sr.ht/~jamesponddotco/imgdiet-go/image.go:150.18,151.40 1 2
git.sr.ht/~jamesponddotco/imgdiet-go/image.go:152.18,153.40 1 1
git.sr.ht/~jamesponddotco/imgdiet-go/image.go:154.18,155.40 1 1
git.sr.ht/~jamesponddotco/imgdiet-go/image.go:156.10,157.74 1 0
git.sr.ht/~jamesponddotco/imgdiet-go/image.go:160.2,160.16 1 13
git.sr.ht/~jamesponddotco/imgdiet-go/image.go:160.16,162.3 1 0
git.sr.ht/~jamesponddotco/imgdiet-go/image.go:164.2,164.20 1 13
git.sr.ht/~jamesponddotco/imgdiet-go/image.go:168.65,177.16 2 2
git.sr.ht/~jamesponddotco/imgdiet-go/image.go:177.16,179.3 1 0
git.sr.ht/~jamesponddotco/imgdiet-go/image.go:179.8,179.24 1 2
git.sr.ht/~jamesponddotco/imgdiet-go/image.go:179.24,181.3 1 1
git.sr.ht/~jamesponddotco/imgdiet-go/image.go:184.2,184.27 1 2
git.sr.ht/~jamesponddotco/imgdiet-go/image.go:184.27,186.3 1 0
git.sr.ht/~jamesponddotco/imgdiet-go/image.go:188.2,188.29 1 2
git.sr.ht/~jamesponddotco/imgdiet-go/image.go:188.29,190.3 1 0
git.sr.ht/~jamesponddotco/imgdiet-go/image.go:192.2,195.17 1 2
git.sr.ht/~jamesponddotco/imgdiet-go/image.go:195.17,197.3 1 0
git.sr.ht/~jamesponddotco/imgdiet-go/image.go:199.2,199.12 1 2
git.sr.ht/~jamesponddotco/imgdiet-go/image.go:203.74,214.24 2 4
git.sr.ht/~jamesponddotco/imgdiet-go/image.go:214.24,216.3 1 4
git.sr.ht/~jamesponddotco/imgdiet-go/image.go:218.2,219.16 2 4
git.sr.ht/~jamesponddotco/imgdiet-go/image.go:219.16,221.3 1 0
git.sr.ht/~jamesponddotco/imgdiet-go/image.go:223.2,223.18 1 4
git.sr.ht/~jamesponddotco/imgdiet-go/image.go:227.73,236.24 2 2
git.sr.ht/~jamesponddotco/imgdiet-go/image.go:236.24,238.3 1 2
git.sr.ht/~jamesponddotco/imgdiet-go/image.go:240.2,241.16 2 2
git.sr.ht/~jamesponddotco/imgdiet-go/image.go:241.16,243.3 1 0
git.sr.ht/~jamesponddotco/imgdiet-go/image.go:245.2,245.18 1 2
git.sr.ht/~jamesponddotco/imgdiet-go/image.go:249.73,256.24 2 1
git.sr.ht/~jamesponddotco/imgdiet-go/image.go:256.24,258.3 1 1
git.sr.ht/~jamesponddotco/imgdiet-go/image.go:260.2,261.16 2 1
git.sr.ht/~jamesponddotco/imgdiet-go/image.go:261.16,263.3 1 0
git.sr.ht/~jamesponddotco/imgdiet-go/image.go:265.2,265.18 1 1
git.sr.ht/~jamesponddotco/imgdiet-go/image.go:269.74,278.24 2 2
git.sr.ht/~jamesponddotco/imgdiet-go/image.go:278.24,280.3 1 2
git.sr.ht/~jamesponddotco/imgdiet-go/image.go:282.2,283.16 2 2
git.sr.ht/~jamesponddotco/imgdiet-go/image.go:283.16,285.3 1 0
git.sr.ht/~jamesponddotco/imgdiet-go/image.go:287.2,287.18 1 2
git.sr.ht/~jamesponddotco/imgdiet-go/image.go:291.74,299.24 2 2
git.sr.ht/~jamesponddotco/imgdiet-go/image.go:299.24,301.3 1 2
git.sr.ht/~jamesponddotco/imgdiet-go/image.go:303.2,304.16 2 2
git.sr.ht/~jamesponddotco/imgdiet-go/image.go:304.16,306.3 1 0
git.sr.ht/~jamesponddotco/imgdiet-go/image.go:308.2,308.18 1 2
git.sr.ht/~jamesponddotco/imgdiet-go/image.go:312.74,320.24 2 1
git.sr.ht/~jamesponddotco/imgdiet-go/image.go:320.24,322.3 1 1
git.sr.ht/~jamesponddotco/imgdiet-go/image.go:324.2,325.16 2 1
git.sr.ht/~jamesponddotco/imgdiet-go/image.go:325.16,327.3 1 0
git.sr.ht/~jamesponddotco/imgdiet-go/image.go:329.2,329.18 1 1
git.sr.ht/~jamesponddotco/imgdiet-go/image.go:333.74,343.24 2 1
git.sr.ht/~jamesponddotco/imgdiet-go/image.go:343.24,345.3 1 1
git.sr.ht/~jamesponddotco/imgdiet-go/image.go:347.2,348.16 2 1
git.sr.ht/~jamesponddotco/imgdiet-go/image.go:348.16,350.3 1 0
git.sr.ht/~jamesponddotco/imgdiet-go/image.go:352.2,352.18 1 1
git.sr.ht/~jamesponddotco/imgdiet-go/imgdiet.go:30.33,31.11 1 8
git.sr.ht/~jamesponddotco/imgdiet-go/imgdiet.go:32.18,33.16 1 1
git.sr.ht/~jamesponddotco/imgdiet-go/imgdiet.go:34.17,35.15 1 1
git.sr.ht/~jamesponddotco/imgdiet-go/imgdiet.go:36.17,37.15 1 1
git.sr.ht/~jamesponddotco/imgdiet-go/imgdiet.go:38.18,39.16 1 1
git.sr.ht/~jamesponddotco/imgdiet-go/imgdiet.go:40.18,41.16 1 1
git.sr.ht/~jamesponddotco/imgdiet-go/imgdiet.go:42.18,43.16 1 1
git.sr.ht/~jamesponddotco/imgdiet-go/imgdiet.go:44.18,45.16 1 1
git.sr.ht/~jamesponddotco/imgdiet-go/imgdiet.go:46.10,47.19 1 1
git.sr.ht/~jamesponddotco/imgdiet-go/imgdiet.go:58.25,59.16 1 1
git.sr.ht/~jamesponddotco/imgdiet-go/imgdiet.go:59.16,61.3 1 1
git.sr.ht/~jamesponddotco/imgdiet-go/imgdiet.go:63.2,67.4 1 1
git.sr.ht/~jamesponddotco/imgdiet-go/imgdiet.go:75.13,77.2 1 0
git.sr.ht/~jamesponddotco/imgdiet-go/imgdiet.go:81.49,84.16 2 34
git.sr.ht/~jamesponddotco/imgdiet-go/imgdiet.go:85.21,86.25 1 8
git.sr.ht/~jamesponddotco/imgdiet-go/imgdiet.go:87.20,88.24 1 4
git.sr.ht/~jamesponddotco/imgdiet-go/imgdiet.go:89.20,90.24 1 4
git.sr.ht/~jamesponddotco/imgdiet-go/imgdiet.go:91.21,92.25 1 3
git.sr.ht/~jamesponddotco/imgdiet-go/imgdiet.go:93.21,94.25 1 5
git.sr.ht/~jamesponddotco/imgdiet-go/imgdiet.go:95.21,96.25 1 4
git.sr.ht/~jamesponddotco/imgdiet-go/imgdiet.go:97.21,98.25 1 4
git.sr.ht/~jamesponddotco/imgdiet-go/imgdiet.go:99.10,100.45 1 2
git.sr.ht/~jamesponddotco/imgdiet-go/options.go:142.32,161.2 1 15
