mode: set
git.sr.ht/~jamesponddotco/imgdiet-go/cmd/imgdiet/main.go:9.13,11.2 1 0
git.sr.ht/~jamesponddotco/imgdiet-go/cmd/imgdiet/internal/app/app.go:13.16,61.41 8 0
git.sr.ht/~jamesponddotco/imgdiet-go/cmd/imgdiet/internal/app/app.go:61.41,65.3 2 0
git.sr.ht/~jamesponddotco/imgdiet-go/cmd/imgdiet/internal/app/app.go:67.2,67.10 1 0
git.sr.ht/~jamesponddotco/imgdiet-go/cmd/imgdiet/internal/app/optimize.go:23.43,24.18 1 0
git.sr.ht/~jamesponddotco/imgdiet-go/cmd/imgdiet/internal/app/optimize.go:24.18,25.44 1 0
git.sr.ht/~jamesponddotco/imgdiet-go/cmd/imgdiet/internal/app/optimize.go:25.44,27.4 1 0
git.sr.ht/~jamesponddotco/imgdiet-go/cmd/imgdiet/internal/app/optimize.go:29.3,29.31 1 0
git.sr.ht/~jamesponddotco/imgdiet-go/cmd/imgdiet/internal/app/optimize.go:32.2,54.16 5 0
git.sr.ht/~jamesponddotco/imgdiet-go/cmd/imgdiet/internal/app/optimize.go:54.16,56.3 1 0
git.sr.ht/~jamesponddotco/imgdiet-go/cmd/imgdiet/internal/app/optimize.go:57.2,60.16 3 0
git.sr.ht/~jamesponddotco/imgdiet-go/cmd/imgdiet/internal/app/optimize.go:60.16,62.3 1 0
git.sr.ht/~jamesponddotco/imgdiet-go/cmd/imgdiet/internal/app/optimize.go:63.2,66.16 3 0
git.sr.ht/~jamesponddotco/imgdiet-go/cmd/imgdiet/internal/app/optimize.go:66.16,68.3 1 0
git.sr.ht/~jamesponddotco/imgdiet-go/cmd/imgdiet/internal/app/optimize.go:70.2,70.47 1 0
git.sr.ht/~jamesponddotco/imgdiet-go/cmd/imgdiet/internal/app/optimize.go:70.47,72.3 1 0
git.sr.ht/~jamesponddotco/imgdiet-go/cmd/imgdiet/internal/app/optimize.go:74.2,74.75 1 0
git.sr.ht/~jamesponddotco/imgdiet-go/cmd/imgdiet/internal/app/optimize.go:74.75,76.3 1 0
git.sr.ht/~jamesponddotco/imgdiet-go/cmd/imgdiet/internal/app/optimize.go:78.2,79.16 2 0
git.sr.ht/~jamesponddotco/imgdiet-go/cmd/imgdiet/internal/app/optimize.go:79.16,81.3 1 0
git.sr.ht/~jamesponddotco/imgdiet-go/cmd/imgdiet/internal/app/optimize.go:82.2,84.53 2 0
git.sr.ht/~jamesponddotco/imgdiet-go/cmd/imgdiet/internal/app/optimize.go:84.53,86.3 1 0
git.sr.ht/~jamesponddotco/imgdiet-go/cmd/imgdiet/internal/app/optimize.go:88.2,88.12 1 0
git.sr.ht/~jamesponddotco/imgdiet-go/config.go:22.30,28.2 1 1
git.sr.ht/~jamesponddotco/imgdiet-go/image.go:91.32,106.2 1 1
git.sr.ht/~jamesponddotco/imgdiet-go/image.go:124.40,125.14 1 1
git.sr.ht/~jamesponddotco/imgdiet-go/image.go:125.14,127.3 1 1
git.sr.ht/~jamesponddotco/imgdiet-go/image.go:129.2,130.16 2 1
git.sr.ht/~jamesponddotco/imgdiet-go/image.go:130.16,132.3 1 1
git.sr.ht/~jamesponddotco/imgdiet-go/image.go:134.2,135.16 2 1
git.sr.ht/~jamesponddotco/imgdiet-go/image.go:135.16,137.3 1 1
git.sr.ht/~jamesponddotco/imgdiet-go/image.go:139.2,142.15 2 1
git.sr.ht/~jamesponddotco/imgdiet-go/image.go:142.15,143.31 1 1
git.sr.ht/~jamesponddotco/imgdiet-go/image.go:143.31,146.4 2 0
git.sr.ht/~jamesponddotco/imgdiet-go/image.go:149.2,150.16 2 1
git.sr.ht/~jamesponddotco/imgdiet-go/image.go:150.16,152.3 1 0
git.sr.ht/~jamesponddotco/imgdiet-go/image.go:154.2,160.17 2 1
git.sr.ht/~jamesponddotco/imgdiet-go/image.go:164.25,165.36 1 1
git.sr.ht/~jamesponddotco/imgdiet-go/image.go:165.36,167.3 1 1
git.sr.ht/~jamesponddotco/imgdiet-go/image.go:173.57,174.17 1 1
git.sr.ht/~jamesponddotco/imgdiet-go/image.go:174.17,176.3 1 1
git.sr.ht/~jamesponddotco/imgdiet-go/image.go:178.2,178.29 1 1
git.sr.ht/~jamesponddotco/imgdiet-go/image.go:178.29,179.63 1 1
git.sr.ht/~jamesponddotco/imgdiet-go/image.go:179.63,181.4 1 0
git.sr.ht/~jamesponddotco/imgdiet-go/image.go:184.2,189.18 2 1
git.sr.ht/~jamesponddotco/imgdiet-go/image.go:190.21,192.17 2 1
git.sr.ht/~jamesponddotco/imgdiet-go/image.go:192.17,194.4 1 0
git.sr.ht/~jamesponddotco/imgdiet-go/image.go:195.20,197.17 2 1
git.sr.ht/~jamesponddotco/imgdiet-go/image.go:197.17,199.4 1 0
git.sr.ht/~jamesponddotco/imgdiet-go/image.go:200.20,202.17 2 1
git.sr.ht/~jamesponddotco/imgdiet-go/image.go:202.17,204.4 1 0
git.sr.ht/~jamesponddotco/imgdiet-go/image.go:205.10,206.72 1 0
git.sr.ht/~jamesponddotco/imgdiet-go/image.go:209.2,211.19 2 1
git.sr.ht/~jamesponddotco/imgdiet-go/image.go:217.74,218.31 1 1
git.sr.ht/~jamesponddotco/imgdiet-go/image.go:218.31,220.3 1 1
git.sr.ht/~jamesponddotco/imgdiet-go/image.go:222.2,228.16 2 1
git.sr.ht/~jamesponddotco/imgdiet-go/image.go:228.16,230.3 1 1
git.sr.ht/~jamesponddotco/imgdiet-go/image.go:230.8,230.24 1 1
git.sr.ht/~jamesponddotco/imgdiet-go/image.go:230.24,232.3 1 1
git.sr.ht/~jamesponddotco/imgdiet-go/image.go:234.2,234.27 1 1
git.sr.ht/~jamesponddotco/imgdiet-go/image.go:234.27,236.3 1 1
git.sr.ht/~jamesponddotco/imgdiet-go/image.go:238.2,238.29 1 1
git.sr.ht/~jamesponddotco/imgdiet-go/image.go:238.29,240.3 1 1
git.sr.ht/~jamesponddotco/imgdiet-go/image.go:242.2,245.17 1 1
git.sr.ht/~jamesponddotco/imgdiet-go/image.go:245.17,247.3 1 0
git.sr.ht/~jamesponddotco/imgdiet-go/image.go:249.2,249.17 1 1
git.sr.ht/~jamesponddotco/imgdiet-go/image.go:249.17,251.3 1 1
git.sr.ht/~jamesponddotco/imgdiet-go/image.go:254.2,255.16 2 1
git.sr.ht/~jamesponddotco/imgdiet-go/image.go:255.16,257.3 1 0
git.sr.ht/~jamesponddotco/imgdiet-go/image.go:259.2,259.19 1 1
git.sr.ht/~jamesponddotco/imgdiet-go/image.go:263.30,265.2 1 1
git.sr.ht/~jamesponddotco/imgdiet-go/image.go:268.31,270.2 1 1
git.sr.ht/~jamesponddotco/imgdiet-go/image.go:273.29,275.2 1 1
git.sr.ht/~jamesponddotco/imgdiet-go/image.go:278.30,280.2 1 1
git.sr.ht/~jamesponddotco/imgdiet-go/image.go:283.48,284.18 1 1
git.sr.ht/~jamesponddotco/imgdiet-go/image.go:285.21,287.17 2 1
git.sr.ht/~jamesponddotco/imgdiet-go/image.go:287.17,289.4 1 0
git.sr.ht/~jamesponddotco/imgdiet-go/image.go:291.3,291.19 1 1
git.sr.ht/~jamesponddotco/imgdiet-go/image.go:292.20,294.17 2 1
git.sr.ht/~jamesponddotco/imgdiet-go/image.go:294.17,296.4 1 0
git.sr.ht/~jamesponddotco/imgdiet-go/image.go:298.3,298.19 1 1
git.sr.ht/~jamesponddotco/imgdiet-go/image.go:299.20,301.17 2 0
git.sr.ht/~jamesponddotco/imgdiet-go/image.go:301.17,303.4 1 0
git.sr.ht/~jamesponddotco/imgdiet-go/image.go:305.3,305.19 1 0
git.sr.ht/~jamesponddotco/imgdiet-go/image.go:306.10,307.72 1 0
git.sr.ht/~jamesponddotco/imgdiet-go/image.go:314.61,325.24 2 1
git.sr.ht/~jamesponddotco/imgdiet-go/image.go:325.24,327.3 1 1
git.sr.ht/~jamesponddotco/imgdiet-go/image.go:329.2,330.16 2 1
git.sr.ht/~jamesponddotco/imgdiet-go/image.go:330.16,332.3 1 0
git.sr.ht/~jamesponddotco/imgdiet-go/image.go:334.2,334.19 1 1
git.sr.ht/~jamesponddotco/imgdiet-go/image.go:340.60,349.24 2 1
git.sr.ht/~jamesponddotco/imgdiet-go/image.go:349.24,351.3 1 1
git.sr.ht/~jamesponddotco/imgdiet-go/image.go:353.2,354.16 2 1
git.sr.ht/~jamesponddotco/imgdiet-go/image.go:354.16,356.3 1 0
git.sr.ht/~jamesponddotco/imgdiet-go/image.go:358.2,358.19 1 1
git.sr.ht/~jamesponddotco/imgdiet-go/image.go:364.60,371.24 2 1
git.sr.ht/~jamesponddotco/imgdiet-go/image.go:371.24,373.3 1 1
git.sr.ht/~jamesponddotco/imgdiet-go/image.go:375.2,376.16 2 1
git.sr.ht/~jamesponddotco/imgdiet-go/image.go:376.16,378.3 1 0
git.sr.ht/~jamesponddotco/imgdiet-go/image.go:380.2,380.19 1 1
git.sr.ht/~jamesponddotco/imgdiet-go/imgdiet.go:27.25,28.16 1 1
git.sr.ht/~jamesponddotco/imgdiet-go/imgdiet.go:28.16,30.3 1 1
git.sr.ht/~jamesponddotco/imgdiet-go/imgdiet.go:32.2,36.4 1 1
git.sr.ht/~jamesponddotco/imgdiet-go/imgdiet.go:40.13,42.2 1 0
git.sr.ht/~jamesponddotco/imgdiet-go/imgdiet.go:47.52,48.39 1 1
git.sr.ht/~jamesponddotco/imgdiet-go/imgdiet.go:49.20,50.28 1 1
git.sr.ht/~jamesponddotco/imgdiet-go/imgdiet.go:51.19,52.27 1 1
git.sr.ht/~jamesponddotco/imgdiet-go/imgdiet.go:53.19,54.27 1 1
git.sr.ht/~jamesponddotco/imgdiet-go/imgdiet.go:55.10,56.39 1 1
git.sr.ht/~jamesponddotco/imgdiet-go/imgdiet.go:62.42,64.2 1 1
