mode: set
git.sr.ht/~jamesponddotco/imgdiet-go/config.go:30.30,38.2 1 1
git.sr.ht/~jamesponddotco/imgdiet-go/image.go:73.32,86.2 1 1
git.sr.ht/~jamesponddotco/imgdiet-go/image.go:104.40,105.14 1 1
git.sr.ht/~jamesponddotco/imgdiet-go/image.go:105.14,107.3 1 1
git.sr.ht/~jamesponddotco/imgdiet-go/image.go:109.2,110.16 2 1
git.sr.ht/~jamesponddotco/imgdiet-go/image.go:110.16,112.3 1 1
git.sr.ht/~jamesponddotco/imgdiet-go/image.go:114.2,115.16 2 1
git.sr.ht/~jamesponddotco/imgdiet-go/image.go:115.16,117.3 1 1
git.sr.ht/~jamesponddotco/imgdiet-go/image.go:119.2,120.16 2 1
git.sr.ht/~jamesponddotco/imgdiet-go/image.go:120.16,122.3 1 1
git.sr.ht/~jamesponddotco/imgdiet-go/image.go:124.2,128.8 1 1
git.sr.ht/~jamesponddotco/imgdiet-go/image.go:132.25,133.36 1 1
git.sr.ht/~jamesponddotco/imgdiet-go/image.go:133.36,135.3 1 1
git.sr.ht/~jamesponddotco/imgdiet-go/image.go:141.57,142.17 1 1
git.sr.ht/~jamesponddotco/imgdiet-go/image.go:142.17,144.3 1 1
git.sr.ht/~jamesponddotco/imgdiet-go/image.go:146.2,146.29 1 1
git.sr.ht/~jamesponddotco/imgdiet-go/image.go:146.29,147.58 1 1
git.sr.ht/~jamesponddotco/imgdiet-go/image.go:147.58,149.4 1 0
git.sr.ht/~jamesponddotco/imgdiet-go/image.go:152.2,157.18 2 1
git.sr.ht/~jamesponddotco/imgdiet-go/image.go:158.21,160.17 2 1
git.sr.ht/~jamesponddotco/imgdiet-go/image.go:160.17,162.4 1 0
git.sr.ht/~jamesponddotco/imgdiet-go/image.go:163.20,165.17 2 1
git.sr.ht/~jamesponddotco/imgdiet-go/image.go:165.17,167.4 1 0
git.sr.ht/~jamesponddotco/imgdiet-go/image.go:168.10,169.72 1 0
git.sr.ht/~jamesponddotco/imgdiet-go/image.go:172.2,174.19 2 1
git.sr.ht/~jamesponddotco/imgdiet-go/image.go:180.75,181.31 1 1
git.sr.ht/~jamesponddotco/imgdiet-go/image.go:181.31,183.3 1 1
git.sr.ht/~jamesponddotco/imgdiet-go/image.go:185.2,187.16 2 1
git.sr.ht/~jamesponddotco/imgdiet-go/image.go:187.16,189.3 1 1
git.sr.ht/~jamesponddotco/imgdiet-go/image.go:189.8,189.24 1 1
git.sr.ht/~jamesponddotco/imgdiet-go/image.go:189.24,191.3 1 1
git.sr.ht/~jamesponddotco/imgdiet-go/image.go:193.2,193.95 1 1
git.sr.ht/~jamesponddotco/imgdiet-go/image.go:193.95,195.3 1 0
git.sr.ht/~jamesponddotco/imgdiet-go/image.go:197.2,197.17 1 1
git.sr.ht/~jamesponddotco/imgdiet-go/image.go:197.17,199.3 1 1
git.sr.ht/~jamesponddotco/imgdiet-go/image.go:201.2,202.16 2 1
git.sr.ht/~jamesponddotco/imgdiet-go/image.go:202.16,204.3 1 0
git.sr.ht/~jamesponddotco/imgdiet-go/image.go:206.2,206.19 1 1
git.sr.ht/~jamesponddotco/imgdiet-go/image.go:210.30,212.2 1 1
git.sr.ht/~jamesponddotco/imgdiet-go/image.go:215.31,217.2 1 1
git.sr.ht/~jamesponddotco/imgdiet-go/image.go:220.29,222.2 1 1
git.sr.ht/~jamesponddotco/imgdiet-go/image.go:225.30,227.2 1 1
git.sr.ht/~jamesponddotco/imgdiet-go/image.go:232.61,245.16 3 1
git.sr.ht/~jamesponddotco/imgdiet-go/image.go:245.16,247.3 1 0
git.sr.ht/~jamesponddotco/imgdiet-go/image.go:249.2,249.19 1 1
git.sr.ht/~jamesponddotco/imgdiet-go/image.go:255.60,264.16 3 1
git.sr.ht/~jamesponddotco/imgdiet-go/image.go:264.16,266.3 1 0
git.sr.ht/~jamesponddotco/imgdiet-go/image.go:268.2,268.19 1 1
git.sr.ht/~jamesponddotco/imgdiet-go/imgdiet.go:26.25,27.16 1 1
git.sr.ht/~jamesponddotco/imgdiet-go/imgdiet.go:27.16,29.3 1 1
git.sr.ht/~jamesponddotco/imgdiet-go/imgdiet.go:31.2,38.4 2 1
git.sr.ht/~jamesponddotco/imgdiet-go/imgdiet.go:42.13,44.2 1 0
git.sr.ht/~jamesponddotco/imgdiet-go/imgdiet.go:49.52,50.39 1 1
git.sr.ht/~jamesponddotco/imgdiet-go/imgdiet.go:51.20,52.28 1 1
git.sr.ht/~jamesponddotco/imgdiet-go/imgdiet.go:53.19,54.27 1 1
git.sr.ht/~jamesponddotco/imgdiet-go/imgdiet.go:55.10,56.39 1 1
git.sr.ht/~jamesponddotco/imgdiet-go/imgdiet.go:62.42,64.2 1 1
git.sr.ht/~jamesponddotco/imgdiet-go/log.go:22.71,35.9 4 0
git.sr.ht/~jamesponddotco/imgdiet-go/log.go:35.9,39.3 2 0
git.sr.ht/~jamesponddotco/imgdiet-go/log.go:41.2,41.55 1 0
